<?xml version="1.0" encoding="UTF-8"?>
<!-- Generated by org.testng.reporters.JUnitReportReporter -->
<testsuite skipped="0" hostname="SHI58495EU1488E" name="testCases.Test_Case_JourneyLab" tests="1" failures="0" timestamp="08 Jan 2019 13:24:09 GMT" time="459.876" errors="0">
  <testcase name="journeyLabTest" time="459.876" classname="testCases.Test_Case_JourneyLab"/>
</testsuite> <!-- testCases.Test_Case_JourneyLab -->
